  YIGIT_NazimEfe.cpp
C:\Users\nefey\source\repos\CTIS164 Homeworks\HW1_SpaceWindow_YIGIT_NazimEfe\YIGIT_NazimEfe\YIGIT_NazimEfe.cpp(310,21): warning C4244: 'initializing': conversion from 'double' to 'float', possible loss of data
C:\Users\nefey\source\repos\CTIS164 Homeworks\HW1_SpaceWindow_YIGIT_NazimEfe\YIGIT_NazimEfe\YIGIT_NazimEfe.cpp(320,22): warning C4244: 'argument': conversion from 'int' to 'GLfloat', possible loss of data
C:\Users\nefey\source\repos\CTIS164 Homeworks\HW1_SpaceWindow_YIGIT_NazimEfe\YIGIT_NazimEfe\YIGIT_NazimEfe.cpp(321,35): warning C4244: 'argument': conversion from 'int' to 'GLfloat', possible loss of data
C:\Users\nefey\source\repos\CTIS164 Homeworks\HW1_SpaceWindow_YIGIT_NazimEfe\YIGIT_NazimEfe\YIGIT_NazimEfe.cpp(321,22): warning C4244: 'argument': conversion from 'int' to 'GLfloat', possible loss of data
C:\Users\nefey\source\repos\CTIS164 Homeworks\HW1_SpaceWindow_YIGIT_NazimEfe\YIGIT_NazimEfe\YIGIT_NazimEfe.cpp(322,27): warning C4244: 'argument': conversion from 'int' to 'GLfloat', possible loss of data
C:\Users\nefey\source\repos\CTIS164 Homeworks\HW1_SpaceWindow_YIGIT_NazimEfe\YIGIT_NazimEfe\YIGIT_NazimEfe.cpp(327,21): warning C4244: 'argument': conversion from 'int' to 'float', possible loss of data
C:\Users\nefey\source\repos\CTIS164 Homeworks\HW1_SpaceWindow_YIGIT_NazimEfe\YIGIT_NazimEfe\YIGIT_NazimEfe.cpp(328,34): warning C4244: 'argument': conversion from 'int' to 'float', possible loss of data
C:\Users\nefey\source\repos\CTIS164 Homeworks\HW1_SpaceWindow_YIGIT_NazimEfe\YIGIT_NazimEfe\YIGIT_NazimEfe.cpp(328,21): warning C4244: 'argument': conversion from 'int' to 'float', possible loss of data
C:\Users\nefey\source\repos\CTIS164 Homeworks\HW1_SpaceWindow_YIGIT_NazimEfe\YIGIT_NazimEfe\YIGIT_NazimEfe.cpp(329,26): warning C4244: 'argument': conversion from 'int' to 'float', possible loss of data
C:\Users\nefey\source\repos\CTIS164 Homeworks\HW1_SpaceWindow_YIGIT_NazimEfe\YIGIT_NazimEfe\YIGIT_NazimEfe.cpp(335,22): warning C4244: 'argument': conversion from 'int' to 'GLfloat', possible loss of data
C:\Users\nefey\source\repos\CTIS164 Homeworks\HW1_SpaceWindow_YIGIT_NazimEfe\YIGIT_NazimEfe\YIGIT_NazimEfe.cpp(336,22): warning C4244: 'argument': conversion from 'int' to 'GLfloat', possible loss of data
C:\Users\nefey\source\repos\CTIS164 Homeworks\HW1_SpaceWindow_YIGIT_NazimEfe\YIGIT_NazimEfe\YIGIT_NazimEfe.cpp(337,35): warning C4244: 'argument': conversion from 'int' to 'GLfloat', possible loss of data
C:\Users\nefey\source\repos\CTIS164 Homeworks\HW1_SpaceWindow_YIGIT_NazimEfe\YIGIT_NazimEfe\YIGIT_NazimEfe.cpp(337,22): warning C4244: 'argument': conversion from 'int' to 'GLfloat', possible loss of data
C:\Users\nefey\source\repos\CTIS164 Homeworks\HW1_SpaceWindow_YIGIT_NazimEfe\YIGIT_NazimEfe\YIGIT_NazimEfe.cpp(338,35): warning C4244: 'argument': conversion from 'int' to 'GLfloat', possible loss of data
C:\Users\nefey\source\repos\CTIS164 Homeworks\HW1_SpaceWindow_YIGIT_NazimEfe\YIGIT_NazimEfe\YIGIT_NazimEfe.cpp(338,22): warning C4244: 'argument': conversion from 'int' to 'GLfloat', possible loss of data
C:\Users\nefey\source\repos\CTIS164 Homeworks\HW1_SpaceWindow_YIGIT_NazimEfe\YIGIT_NazimEfe\YIGIT_NazimEfe.cpp(339,27): warning C4244: 'argument': conversion from 'int' to 'GLfloat', possible loss of data
C:\Users\nefey\source\repos\CTIS164 Homeworks\HW1_SpaceWindow_YIGIT_NazimEfe\YIGIT_NazimEfe\YIGIT_NazimEfe.cpp(340,27): warning C4244: 'argument': conversion from 'int' to 'GLfloat', possible loss of data
C:\Users\nefey\source\repos\CTIS164 Homeworks\HW1_SpaceWindow_YIGIT_NazimEfe\YIGIT_NazimEfe\YIGIT_NazimEfe.cpp(348,22): warning C4244: 'argument': conversion from 'int' to 'GLfloat', possible loss of data
C:\Users\nefey\source\repos\CTIS164 Homeworks\HW1_SpaceWindow_YIGIT_NazimEfe\YIGIT_NazimEfe\YIGIT_NazimEfe.cpp(349,35): warning C4244: 'argument': conversion from 'int' to 'GLfloat', possible loss of data
C:\Users\nefey\source\repos\CTIS164 Homeworks\HW1_SpaceWindow_YIGIT_NazimEfe\YIGIT_NazimEfe\YIGIT_NazimEfe.cpp(349,22): warning C4244: 'argument': conversion from 'int' to 'GLfloat', possible loss of data
C:\Users\nefey\source\repos\CTIS164 Homeworks\HW1_SpaceWindow_YIGIT_NazimEfe\YIGIT_NazimEfe\YIGIT_NazimEfe.cpp(350,27): warning C4244: 'argument': conversion from 'int' to 'GLfloat', possible loss of data
C:\Users\nefey\source\repos\CTIS164 Homeworks\HW1_SpaceWindow_YIGIT_NazimEfe\YIGIT_NazimEfe\YIGIT_NazimEfe.cpp(362,21): warning C4244: 'initializing': conversion from 'double' to 'float', possible loss of data
C:\Users\nefey\source\repos\CTIS164 Homeworks\HW1_SpaceWindow_YIGIT_NazimEfe\YIGIT_NazimEfe\YIGIT_NazimEfe.cpp(363,52): warning C4244: 'argument': conversion from 'double' to 'GLfloat', possible loss of data
C:\Users\nefey\source\repos\CTIS164 Homeworks\HW1_SpaceWindow_YIGIT_NazimEfe\YIGIT_NazimEfe\YIGIT_NazimEfe.cpp(363,29): warning C4244: 'argument': conversion from 'double' to 'GLfloat', possible loss of data
C:\Users\nefey\source\repos\CTIS164 Homeworks\HW1_SpaceWindow_YIGIT_NazimEfe\YIGIT_NazimEfe\YIGIT_NazimEfe.cpp(371,21): warning C4244: 'initializing': conversion from 'double' to 'float', possible loss of data
C:\Users\nefey\source\repos\CTIS164 Homeworks\HW1_SpaceWindow_YIGIT_NazimEfe\YIGIT_NazimEfe\YIGIT_NazimEfe.cpp(372,52): warning C4244: 'argument': conversion from 'double' to 'GLfloat', possible loss of data
C:\Users\nefey\source\repos\CTIS164 Homeworks\HW1_SpaceWindow_YIGIT_NazimEfe\YIGIT_NazimEfe\YIGIT_NazimEfe.cpp(372,29): warning C4244: 'argument': conversion from 'double' to 'GLfloat', possible loss of data
C:\Users\nefey\source\repos\CTIS164 Homeworks\HW1_SpaceWindow_YIGIT_NazimEfe\YIGIT_NazimEfe\YIGIT_NazimEfe.cpp(377,31): warning C4305: 'argument': truncation from 'double' to 'GLfloat'
C:\Users\nefey\source\repos\CTIS164 Homeworks\HW1_SpaceWindow_YIGIT_NazimEfe\YIGIT_NazimEfe\YIGIT_NazimEfe.cpp(380,21): warning C4244: 'initializing': conversion from 'double' to 'float', possible loss of data
C:\Users\nefey\source\repos\CTIS164 Homeworks\HW1_SpaceWindow_YIGIT_NazimEfe\YIGIT_NazimEfe\YIGIT_NazimEfe.cpp(381,53): warning C4244: 'argument': conversion from 'double' to 'GLfloat', possible loss of data
C:\Users\nefey\source\repos\CTIS164 Homeworks\HW1_SpaceWindow_YIGIT_NazimEfe\YIGIT_NazimEfe\YIGIT_NazimEfe.cpp(381,24): warning C4244: 'argument': conversion from 'double' to 'GLfloat', possible loss of data
C:\Users\nefey\source\repos\CTIS164 Homeworks\HW1_SpaceWindow_YIGIT_NazimEfe\YIGIT_NazimEfe\YIGIT_NazimEfe.cpp(382,53): warning C4244: 'argument': conversion from 'double' to 'GLfloat', possible loss of data
C:\Users\nefey\source\repos\CTIS164 Homeworks\HW1_SpaceWindow_YIGIT_NazimEfe\YIGIT_NazimEfe\YIGIT_NazimEfe.cpp(382,24): warning C4244: 'argument': conversion from 'double' to 'GLfloat', possible loss of data
C:\Users\nefey\source\repos\CTIS164 Homeworks\HW1_SpaceWindow_YIGIT_NazimEfe\YIGIT_NazimEfe\YIGIT_NazimEfe.cpp(383,53): warning C4244: 'argument': conversion from 'double' to 'GLfloat', possible loss of data
C:\Users\nefey\source\repos\CTIS164 Homeworks\HW1_SpaceWindow_YIGIT_NazimEfe\YIGIT_NazimEfe\YIGIT_NazimEfe.cpp(383,24): warning C4244: 'argument': conversion from 'double' to 'GLfloat', possible loss of data
C:\Users\nefey\source\repos\CTIS164 Homeworks\HW1_SpaceWindow_YIGIT_NazimEfe\YIGIT_NazimEfe\YIGIT_NazimEfe.cpp(384,53): warning C4244: 'argument': conversion from 'double' to 'GLfloat', possible loss of data
C:\Users\nefey\source\repos\CTIS164 Homeworks\HW1_SpaceWindow_YIGIT_NazimEfe\YIGIT_NazimEfe\YIGIT_NazimEfe.cpp(384,24): warning C4244: 'argument': conversion from 'double' to 'GLfloat', possible loss of data
C:\Users\nefey\source\repos\CTIS164 Homeworks\HW1_SpaceWindow_YIGIT_NazimEfe\YIGIT_NazimEfe\YIGIT_NazimEfe.cpp(394,22): warning C4244: 'argument': conversion from 'int' to 'GLfloat', possible loss of data
C:\Users\nefey\source\repos\CTIS164 Homeworks\HW1_SpaceWindow_YIGIT_NazimEfe\YIGIT_NazimEfe\YIGIT_NazimEfe.cpp(395,36): warning C4244: 'argument': conversion from 'int' to 'GLfloat', possible loss of data
C:\Users\nefey\source\repos\CTIS164 Homeworks\HW1_SpaceWindow_YIGIT_NazimEfe\YIGIT_NazimEfe\YIGIT_NazimEfe.cpp(395,22): warning C4244: 'argument': conversion from 'int' to 'GLfloat', possible loss of data
C:\Users\nefey\source\repos\CTIS164 Homeworks\HW1_SpaceWindow_YIGIT_NazimEfe\YIGIT_NazimEfe\YIGIT_NazimEfe.cpp(396,28): warning C4244: 'argument': conversion from 'int' to 'GLfloat', possible loss of data
C:\Users\nefey\source\repos\CTIS164 Homeworks\HW1_SpaceWindow_YIGIT_NazimEfe\YIGIT_NazimEfe\YIGIT_NazimEfe.cpp(411,32): warning C4244: 'argument': conversion from 'int' to 'GLfloat', possible loss of data
C:\Users\nefey\source\repos\CTIS164 Homeworks\HW1_SpaceWindow_YIGIT_NazimEfe\YIGIT_NazimEfe\YIGIT_NazimEfe.cpp(412,32): warning C4244: 'argument': conversion from 'int' to 'GLfloat', possible loss of data
C:\Users\nefey\source\repos\CTIS164 Homeworks\HW1_SpaceWindow_YIGIT_NazimEfe\YIGIT_NazimEfe\YIGIT_NazimEfe.cpp(413,32): warning C4244: 'argument': conversion from 'int' to 'GLfloat', possible loss of data
C:\Users\nefey\source\repos\CTIS164 Homeworks\HW1_SpaceWindow_YIGIT_NazimEfe\YIGIT_NazimEfe\YIGIT_NazimEfe.cpp(414,32): warning C4244: 'argument': conversion from 'int' to 'GLfloat', possible loss of data
C:\Users\nefey\source\repos\CTIS164 Homeworks\HW1_SpaceWindow_YIGIT_NazimEfe\YIGIT_NazimEfe\YIGIT_NazimEfe.cpp(417,40): warning C4244: 'argument': conversion from 'int' to 'GLfloat', possible loss of data
C:\Users\nefey\source\repos\CTIS164 Homeworks\HW1_SpaceWindow_YIGIT_NazimEfe\YIGIT_NazimEfe\YIGIT_NazimEfe.cpp(417,22): warning C4244: 'argument': conversion from 'int' to 'GLfloat', possible loss of data
C:\Users\nefey\source\repos\CTIS164 Homeworks\HW1_SpaceWindow_YIGIT_NazimEfe\YIGIT_NazimEfe\YIGIT_NazimEfe.cpp(418,40): warning C4244: 'argument': conversion from 'int' to 'GLfloat', possible loss of data
C:\Users\nefey\source\repos\CTIS164 Homeworks\HW1_SpaceWindow_YIGIT_NazimEfe\YIGIT_NazimEfe\YIGIT_NazimEfe.cpp(418,22): warning C4244: 'argument': conversion from 'int' to 'GLfloat', possible loss of data
C:\Users\nefey\source\repos\CTIS164 Homeworks\HW1_SpaceWindow_YIGIT_NazimEfe\YIGIT_NazimEfe\YIGIT_NazimEfe.cpp(419,40): warning C4244: 'argument': conversion from 'int' to 'GLfloat', possible loss of data
C:\Users\nefey\source\repos\CTIS164 Homeworks\HW1_SpaceWindow_YIGIT_NazimEfe\YIGIT_NazimEfe\YIGIT_NazimEfe.cpp(419,22): warning C4244: 'argument': conversion from 'int' to 'GLfloat', possible loss of data
C:\Users\nefey\source\repos\CTIS164 Homeworks\HW1_SpaceWindow_YIGIT_NazimEfe\YIGIT_NazimEfe\YIGIT_NazimEfe.cpp(420,40): warning C4244: 'argument': conversion from 'int' to 'GLfloat', possible loss of data
C:\Users\nefey\source\repos\CTIS164 Homeworks\HW1_SpaceWindow_YIGIT_NazimEfe\YIGIT_NazimEfe\YIGIT_NazimEfe.cpp(420,22): warning C4244: 'argument': conversion from 'int' to 'GLfloat', possible loss of data
C:\Users\nefey\source\repos\CTIS164 Homeworks\HW1_SpaceWindow_YIGIT_NazimEfe\YIGIT_NazimEfe\YIGIT_NazimEfe.cpp(430,36): warning C4244: 'argument': conversion from 'int' to 'GLfloat', possible loss of data
C:\Users\nefey\source\repos\CTIS164 Homeworks\HW1_SpaceWindow_YIGIT_NazimEfe\YIGIT_NazimEfe\YIGIT_NazimEfe.cpp(430,22): warning C4244: 'argument': conversion from 'int' to 'GLfloat', possible loss of data
C:\Users\nefey\source\repos\CTIS164 Homeworks\HW1_SpaceWindow_YIGIT_NazimEfe\YIGIT_NazimEfe\YIGIT_NazimEfe.cpp(434,22): warning C4244: 'argument': conversion from 'int' to 'GLfloat', possible loss of data
C:\Users\nefey\source\repos\CTIS164 Homeworks\HW1_SpaceWindow_YIGIT_NazimEfe\YIGIT_NazimEfe\YIGIT_NazimEfe.cpp(435,28): warning C4244: 'argument': conversion from 'int' to 'GLfloat', possible loss of data
C:\Users\nefey\source\repos\CTIS164 Homeworks\HW1_SpaceWindow_YIGIT_NazimEfe\YIGIT_NazimEfe\YIGIT_NazimEfe.cpp(446,21): warning C4244: 'initializing': conversion from 'double' to 'float', possible loss of data
C:\Users\nefey\source\repos\CTIS164 Homeworks\HW1_SpaceWindow_YIGIT_NazimEfe\YIGIT_NazimEfe\YIGIT_NazimEfe.cpp(459,21): warning C4244: 'initializing': conversion from 'double' to 'float', possible loss of data
C:\Users\nefey\source\repos\CTIS164 Homeworks\HW1_SpaceWindow_YIGIT_NazimEfe\YIGIT_NazimEfe\YIGIT_NazimEfe.cpp(478,20): warning C4244: 'argument': conversion from 'int' to 'GLfloat', possible loss of data
C:\Users\nefey\source\repos\CTIS164 Homeworks\HW1_SpaceWindow_YIGIT_NazimEfe\YIGIT_NazimEfe\YIGIT_NazimEfe.cpp(479,23): warning C4244: 'argument': conversion from 'int' to 'GLfloat', possible loss of data
C:\Users\nefey\source\repos\CTIS164 Homeworks\HW1_SpaceWindow_YIGIT_NazimEfe\YIGIT_NazimEfe\YIGIT_NazimEfe.cpp(479,20): warning C4244: 'argument': conversion from 'int' to 'GLfloat', possible loss of data
C:\Users\nefey\source\repos\CTIS164 Homeworks\HW1_SpaceWindow_YIGIT_NazimEfe\YIGIT_NazimEfe\YIGIT_NazimEfe.cpp(482,30): warning C4244: 'argument': conversion from 'int' to 'GLfloat', possible loss of data
C:\Users\nefey\source\repos\CTIS164 Homeworks\HW1_SpaceWindow_YIGIT_NazimEfe\YIGIT_NazimEfe\YIGIT_NazimEfe.cpp(482,20): warning C4244: 'argument': conversion from 'int' to 'GLfloat', possible loss of data
C:\Users\nefey\source\repos\CTIS164 Homeworks\HW1_SpaceWindow_YIGIT_NazimEfe\YIGIT_NazimEfe\YIGIT_NazimEfe.cpp(483,23): warning C4244: 'argument': conversion from 'int' to 'GLfloat', possible loss of data
C:\Users\nefey\source\repos\CTIS164 Homeworks\HW1_SpaceWindow_YIGIT_NazimEfe\YIGIT_NazimEfe\YIGIT_NazimEfe.cpp(483,20): warning C4244: 'argument': conversion from 'int' to 'GLfloat', possible loss of data
C:\Users\nefey\source\repos\CTIS164 Homeworks\HW1_SpaceWindow_YIGIT_NazimEfe\YIGIT_NazimEfe\YIGIT_NazimEfe.cpp(489,23): warning C4244: 'argument': conversion from 'int' to 'GLfloat', possible loss of data
C:\Users\nefey\source\repos\CTIS164 Homeworks\HW1_SpaceWindow_YIGIT_NazimEfe\YIGIT_NazimEfe\YIGIT_NazimEfe.cpp(490,32): warning C4244: 'argument': conversion from 'int' to 'GLfloat', possible loss of data
C:\Users\nefey\source\repos\CTIS164 Homeworks\HW1_SpaceWindow_YIGIT_NazimEfe\YIGIT_NazimEfe\YIGIT_NazimEfe.cpp(490,20): warning C4244: 'argument': conversion from 'int' to 'GLfloat', possible loss of data
C:\Users\nefey\source\repos\CTIS164 Homeworks\HW1_SpaceWindow_YIGIT_NazimEfe\YIGIT_NazimEfe\YIGIT_NazimEfe.cpp(493,40): warning C4244: 'argument': conversion from 'int' to 'GLfloat', possible loss of data
C:\Users\nefey\source\repos\CTIS164 Homeworks\HW1_SpaceWindow_YIGIT_NazimEfe\YIGIT_NazimEfe\YIGIT_NazimEfe.cpp(493,26): warning C4244: 'argument': conversion from 'int' to 'GLfloat', possible loss of data
C:\Users\nefey\source\repos\CTIS164 Homeworks\HW1_SpaceWindow_YIGIT_NazimEfe\YIGIT_NazimEfe\YIGIT_NazimEfe.cpp(494,27): warning C4244: 'argument': conversion from 'int' to 'GLfloat', possible loss of data
C:\Users\nefey\source\repos\CTIS164 Homeworks\HW1_SpaceWindow_YIGIT_NazimEfe\YIGIT_NazimEfe\YIGIT_NazimEfe.cpp(494,20): warning C4244: 'argument': conversion from 'int' to 'GLfloat', possible loss of data
C:\Users\nefey\source\repos\CTIS164 Homeworks\HW1_SpaceWindow_YIGIT_NazimEfe\YIGIT_NazimEfe\YIGIT_NazimEfe.cpp(502,28): warning C4244: 'argument': conversion from 'int' to 'GLfloat', possible loss of data
C:\Users\nefey\source\repos\CTIS164 Homeworks\HW1_SpaceWindow_YIGIT_NazimEfe\YIGIT_NazimEfe\YIGIT_NazimEfe.cpp(503,28): warning C4244: 'argument': conversion from 'int' to 'GLfloat', possible loss of data
C:\Users\nefey\source\repos\CTIS164 Homeworks\HW1_SpaceWindow_YIGIT_NazimEfe\YIGIT_NazimEfe\YIGIT_NazimEfe.cpp(504,28): warning C4244: 'argument': conversion from 'int' to 'GLfloat', possible loss of data
C:\Users\nefey\source\repos\CTIS164 Homeworks\HW1_SpaceWindow_YIGIT_NazimEfe\YIGIT_NazimEfe\YIGIT_NazimEfe.cpp(505,28): warning C4244: 'argument': conversion from 'int' to 'GLfloat', possible loss of data
C:\Users\nefey\source\repos\CTIS164 Homeworks\HW1_SpaceWindow_YIGIT_NazimEfe\YIGIT_NazimEfe\YIGIT_NazimEfe.cpp(510,31): warning C4244: 'argument': conversion from 'int' to 'GLfloat', possible loss of data
C:\Users\nefey\source\repos\CTIS164 Homeworks\HW1_SpaceWindow_YIGIT_NazimEfe\YIGIT_NazimEfe\YIGIT_NazimEfe.cpp(518,35): warning C4326: return type of 'main' should be 'int' instead of 'void'
C:\Users\nefey\source\repos\CTIS164 Homeworks\HW1_SpaceWindow_YIGIT_NazimEfe\YIGIT_NazimEfe\YIGIT_NazimEfe.cpp(519,15): warning C4244: 'argument': conversion from 'time_t' to 'unsigned int', possible loss of data
C:\Users\nefey\source\repos\CTIS164 Homeworks\HW1_SpaceWindow_YIGIT_NazimEfe\YIGIT_NazimEfe\YIGIT_NazimEfe.cpp(551,61): warning C4244: '=': conversion from 'int' to 'float', possible loss of data
C:\Users\nefey\source\repos\CTIS164 Homeworks\HW1_SpaceWindow_YIGIT_NazimEfe\YIGIT_NazimEfe\YIGIT_NazimEfe.cpp(552,62): warning C4244: '=': conversion from 'int' to 'float', possible loss of data
C:\Users\nefey\source\repos\CTIS164 Homeworks\HW1_SpaceWindow_YIGIT_NazimEfe\YIGIT_NazimEfe\YIGIT_NazimEfe.cpp(557,63): warning C4244: '=': conversion from 'int' to 'float', possible loss of data
C:\Users\nefey\source\repos\CTIS164 Homeworks\HW1_SpaceWindow_YIGIT_NazimEfe\YIGIT_NazimEfe\YIGIT_NazimEfe.cpp(558,64): warning C4244: '=': conversion from 'int' to 'float', possible loss of data
  YIGIT_NazimEfe.vcxproj -> C:\Users\nefey\source\repos\CTIS164 Homeworks\HW1_SpaceWindow_YIGIT_NazimEfe\Debug\YIGIT_NazimEfe.exe
